2022-10-14 15:07:48.049  INFO 88529 --- [restartedMain] c.o.s.SpringAdminClientOneApplication    : Starting SpringAdminClientOneApplication using Java 17.0.1 on olakunle with PID 88529 (/home/olakunle/Folders/Work/MrJide/spring-admin-client-one/target/classes started by olakunle in /home/olakunle/Folders/Work/MrJide/spring-admin-client-one)
2022-10-14 15:07:48.055  INFO 88529 --- [restartedMain] c.o.s.SpringAdminClientOneApplication    : No active profile set, falling back to 1 default profile: "default"
2022-10-14 15:07:48.135  INFO 88529 --- [restartedMain] .e.DevToolsPropertyDefaultsPostProcessor : Devtools property defaults active! Set 'spring.devtools.add-properties' to 'false' to disable
2022-10-14 15:07:48.135  INFO 88529 --- [restartedMain] .e.DevToolsPropertyDefaultsPostProcessor : For additional web related logging consider setting the 'logging.level.web' property to 'DEBUG'
2022-10-14 15:07:49.572  INFO 88529 --- [restartedMain] .s.d.r.c.RepositoryConfigurationDelegate : Bootstrapping Spring Data JPA repositories in DEFAULT mode.
2022-10-14 15:07:49.588  INFO 88529 --- [restartedMain] .s.d.r.c.RepositoryConfigurationDelegate : Finished Spring Data repository scanning in 4 ms. Found 0 JPA repository interfaces.
2022-10-14 15:07:50.185  INFO 88529 --- [restartedMain] o.s.b.w.embedded.tomcat.TomcatWebServer  : Tomcat initialized with port(s): 6061 (http)
2022-10-14 15:07:50.194  INFO 88529 --- [restartedMain] o.apache.catalina.core.StandardService   : Starting service [Tomcat]
2022-10-14 15:07:50.194  INFO 88529 --- [restartedMain] org.apache.catalina.core.StandardEngine  : Starting Servlet engine: [Apache Tomcat/9.0.65]
2022-10-14 15:07:50.278  INFO 88529 --- [restartedMain] o.a.c.c.C.[Tomcat].[localhost].[/]       : Initializing Spring embedded WebApplicationContext
2022-10-14 15:07:50.278  INFO 88529 --- [restartedMain] w.s.c.ServletWebServerApplicationContext : Root WebApplicationContext: initialization completed in 2142 ms
2022-10-14 15:07:50.594  INFO 88529 --- [restartedMain] o.hibernate.jpa.internal.util.LogHelper  : HHH000204: Processing PersistenceUnitInfo [name: default]
2022-10-14 15:07:50.641  INFO 88529 --- [restartedMain] org.hibernate.Version                    : HHH000412: Hibernate ORM core version 5.6.11.Final
2022-10-14 15:07:50.790  INFO 88529 --- [restartedMain] o.hibernate.annotations.common.Version   : HCANN000001: Hibernate Commons Annotations {5.1.2.Final}
2022-10-14 15:07:50.886  INFO 88529 --- [restartedMain] com.zaxxer.hikari.HikariDataSource       : HikariPool-1 - Starting...
2022-10-14 15:07:51.259  INFO 88529 --- [restartedMain] com.zaxxer.hikari.HikariDataSource       : HikariPool-1 - Start completed.
2022-10-14 15:07:51.288  INFO 88529 --- [restartedMain] org.hibernate.dialect.Dialect            : HHH000400: Using dialect: org.hibernate.dialect.MySQL8Dialect
2022-10-14 15:07:51.509  INFO 88529 --- [restartedMain] o.h.e.t.j.p.i.JtaPlatformInitiator       : HHH000490: Using JtaPlatform implementation: [org.hibernate.engine.transaction.jta.platform.internal.NoJtaPlatform]
2022-10-14 15:07:51.520  INFO 88529 --- [restartedMain] j.LocalContainerEntityManagerFactoryBean : Initialized JPA EntityManagerFactory for persistence unit 'default'
2022-10-14 15:07:51.587  WARN 88529 --- [restartedMain] JpaBaseConfiguration$JpaWebConfiguration : spring.jpa.open-in-view is enabled by default. Therefore, database queries may be performed during view rendering. Explicitly configure spring.jpa.open-in-view to disable this warning
2022-10-14 15:07:51.916  WARN 88529 --- [restartedMain] ion$DefaultTemplateResolverConfiguration : Cannot find template location: classpath:/templates/ (please add some templates, check your Thymeleaf configuration, or set spring.thymeleaf.check-template-location=false)
2022-10-14 15:07:52.291  INFO 88529 --- [restartedMain] o.s.b.d.a.OptionalLiveReloadServer       : LiveReload server is running on port 35729
2022-10-14 15:07:52.299  INFO 88529 --- [restartedMain] o.s.b.a.e.web.EndpointLinksResolver      : Exposing 14 endpoint(s) beneath base path '/actuator'
2022-10-14 15:07:52.348  INFO 88529 --- [restartedMain] o.s.b.w.embedded.tomcat.TomcatWebServer  : Tomcat started on port(s): 6061 (http) with context path ''
2022-10-14 15:07:52.369  INFO 88529 --- [restartedMain] c.o.s.SpringAdminClientOneApplication    : Started SpringAdminClientOneApplication in 5.096 seconds (JVM running for 6.129)
2022-10-14 15:07:52.454  WARN 88529 --- [registrationTask1] d.c.b.a.c.r.ApplicationRegistrator       : Failed to register application as Application(name=Client One, managementUrl=http://olakunle:6061/actuator, healthUrl=http://olakunle:6061/actuator/health, serviceUrl=http://olakunle:6061/) at spring-boot-admin ([http://localhost:6060/instances]): I/O error on POST request for "http://localhost:6060/instances": Connection refused; nested exception is java.net.ConnectException: Connection refused. Further attempts are logged on DEBUG level
2022-10-14 15:07:52.713  INFO 88529 --- [RMI TCP Connection(3)-127.0.0.1] o.a.c.c.C.[Tomcat].[localhost].[/]       : Initializing Spring DispatcherServlet 'dispatcherServlet'
2022-10-14 15:07:52.713  INFO 88529 --- [RMI TCP Connection(3)-127.0.0.1] o.s.web.servlet.DispatcherServlet        : Initializing Servlet 'dispatcherServlet'
2022-10-14 15:07:52.716  INFO 88529 --- [RMI TCP Connection(3)-127.0.0.1] o.s.web.servlet.DispatcherServlet        : Completed initialization in 3 ms
2022-10-14 15:10:13.865  INFO 88529 --- [SpringApplicationShutdownHook] o.apache.catalina.core.StandardService   : Stopping service [Tomcat]
2022-10-14 15:10:13.888  INFO 88529 --- [SpringApplicationShutdownHook] j.LocalContainerEntityManagerFactoryBean : Closing JPA EntityManagerFactory for persistence unit 'default'
2022-10-14 15:10:13.897  INFO 88529 --- [SpringApplicationShutdownHook] com.zaxxer.hikari.HikariDataSource       : HikariPool-1 - Shutdown initiated...
2022-10-14 15:10:13.918  INFO 88529 --- [SpringApplicationShutdownHook] com.zaxxer.hikari.HikariDataSource       : HikariPool-1 - Shutdown completed.
2022-10-14 15:10:19.290  INFO 89456 --- [restartedMain] c.o.s.SpringAdminClientOneApplication    : Starting SpringAdminClientOneApplication using Java 17.0.1 on olakunle with PID 89456 (/home/olakunle/Folders/Work/MrJide/spring-admin-client-one/target/classes started by olakunle in /home/olakunle/Folders/Work/MrJide/spring-admin-client-one)
2022-10-14 15:10:19.292  INFO 89456 --- [restartedMain] c.o.s.SpringAdminClientOneApplication    : No active profile set, falling back to 1 default profile: "default"
2022-10-14 15:10:19.366  INFO 89456 --- [restartedMain] .e.DevToolsPropertyDefaultsPostProcessor : Devtools property defaults active! Set 'spring.devtools.add-properties' to 'false' to disable
2022-10-14 15:10:19.368  INFO 89456 --- [restartedMain] .e.DevToolsPropertyDefaultsPostProcessor : For additional web related logging consider setting the 'logging.level.web' property to 'DEBUG'
2022-10-14 15:10:20.578  INFO 89456 --- [restartedMain] .s.d.r.c.RepositoryConfigurationDelegate : Bootstrapping Spring Data JPA repositories in DEFAULT mode.
2022-10-14 15:10:20.591  INFO 89456 --- [restartedMain] .s.d.r.c.RepositoryConfigurationDelegate : Finished Spring Data repository scanning in 4 ms. Found 0 JPA repository interfaces.
2022-10-14 15:10:21.162  INFO 89456 --- [restartedMain] o.s.b.w.embedded.tomcat.TomcatWebServer  : Tomcat initialized with port(s): 6061 (http)
2022-10-14 15:10:21.174  INFO 89456 --- [restartedMain] o.apache.catalina.core.StandardService   : Starting service [Tomcat]
2022-10-14 15:10:21.174  INFO 89456 --- [restartedMain] org.apache.catalina.core.StandardEngine  : Starting Servlet engine: [Apache Tomcat/9.0.65]
2022-10-14 15:10:21.267  INFO 89456 --- [restartedMain] o.a.c.c.C.[Tomcat].[localhost].[/]       : Initializing Spring embedded WebApplicationContext
2022-10-14 15:10:21.267  INFO 89456 --- [restartedMain] w.s.c.ServletWebServerApplicationContext : Root WebApplicationContext: initialization completed in 1898 ms
2022-10-14 15:10:21.563  INFO 89456 --- [restartedMain] o.hibernate.jpa.internal.util.LogHelper  : HHH000204: Processing PersistenceUnitInfo [name: default]
2022-10-14 15:10:21.600  INFO 89456 --- [restartedMain] org.hibernate.Version                    : HHH000412: Hibernate ORM core version 5.6.11.Final
2022-10-14 15:10:21.725  INFO 89456 --- [restartedMain] o.hibernate.annotations.common.Version   : HCANN000001: Hibernate Commons Annotations {5.1.2.Final}
2022-10-14 15:10:21.810  INFO 89456 --- [restartedMain] com.zaxxer.hikari.HikariDataSource       : HikariPool-1 - Starting...
2022-10-14 15:10:22.173  INFO 89456 --- [restartedMain] com.zaxxer.hikari.HikariDataSource       : HikariPool-1 - Start completed.
2022-10-14 15:10:22.196  INFO 89456 --- [restartedMain] org.hibernate.dialect.Dialect            : HHH000400: Using dialect: org.hibernate.dialect.MySQL8Dialect
2022-10-14 15:10:22.368  INFO 89456 --- [restartedMain] o.h.e.t.j.p.i.JtaPlatformInitiator       : HHH000490: Using JtaPlatform implementation: [org.hibernate.engine.transaction.jta.platform.internal.NoJtaPlatform]
2022-10-14 15:10:22.378  INFO 89456 --- [restartedMain] j.LocalContainerEntityManagerFactoryBean : Initialized JPA EntityManagerFactory for persistence unit 'default'
2022-10-14 15:10:22.449  WARN 89456 --- [restartedMain] JpaBaseConfiguration$JpaWebConfiguration : spring.jpa.open-in-view is enabled by default. Therefore, database queries may be performed during view rendering. Explicitly configure spring.jpa.open-in-view to disable this warning
2022-10-14 15:10:22.741  WARN 89456 --- [restartedMain] ion$DefaultTemplateResolverConfiguration : Cannot find template location: classpath:/templates/ (please add some templates, check your Thymeleaf configuration, or set spring.thymeleaf.check-template-location=false)
2022-10-14 15:10:23.048  INFO 89456 --- [restartedMain] o.s.b.d.a.OptionalLiveReloadServer       : LiveReload server is running on port 35729
2022-10-14 15:10:23.058  INFO 89456 --- [restartedMain] o.s.b.a.e.web.EndpointLinksResolver      : Exposing 14 endpoint(s) beneath base path '/actuator'
2022-10-14 15:10:23.113  INFO 89456 --- [restartedMain] o.s.b.w.embedded.tomcat.TomcatWebServer  : Tomcat started on port(s): 6061 (http) with context path ''
2022-10-14 15:10:23.135  INFO 89456 --- [restartedMain] c.o.s.SpringAdminClientOneApplication    : Started SpringAdminClientOneApplication in 4.524 seconds (JVM running for 5.599)
2022-10-14 15:10:23.224  INFO 89456 --- [RMI TCP Connection(2)-127.0.0.1] o.a.c.c.C.[Tomcat].[localhost].[/]       : Initializing Spring DispatcherServlet 'dispatcherServlet'
2022-10-14 15:10:23.226  INFO 89456 --- [RMI TCP Connection(2)-127.0.0.1] o.s.web.servlet.DispatcherServlet        : Initializing Servlet 'dispatcherServlet'
2022-10-14 15:10:23.232  INFO 89456 --- [RMI TCP Connection(2)-127.0.0.1] o.s.web.servlet.DispatcherServlet        : Completed initialization in 4 ms
2022-10-14 15:10:23.234  WARN 89456 --- [registrationTask1] d.c.b.a.c.r.ApplicationRegistrator       : Failed to register application as Application(name=Client One, managementUrl=http://olakunle:6061/actuator, healthUrl=http://olakunle:6061/actuator/health, serviceUrl=http://olakunle:6061/) at spring-boot-admin ([http://localhost:6060/instances]): I/O error on POST request for "http://localhost:6060/instances": Connection refused; nested exception is java.net.ConnectException: Connection refused. Further attempts are logged on DEBUG level
2022-10-14 15:11:09.778  INFO 89456 --- [SpringApplicationShutdownHook] j.LocalContainerEntityManagerFactoryBean : Closing JPA EntityManagerFactory for persistence unit 'default'
2022-10-14 15:11:09.784  INFO 89456 --- [SpringApplicationShutdownHook] com.zaxxer.hikari.HikariDataSource       : HikariPool-1 - Shutdown initiated...
2022-10-14 15:11:09.801  INFO 89456 --- [SpringApplicationShutdownHook] com.zaxxer.hikari.HikariDataSource       : HikariPool-1 - Shutdown completed.
2022-10-14 15:11:14.893  INFO 89838 --- [restartedMain] c.o.s.SpringAdminClientOneApplication    : Starting SpringAdminClientOneApplication using Java 17.0.1 on olakunle with PID 89838 (/home/olakunle/Folders/Work/MrJide/spring-admin-client-one/target/classes started by olakunle in /home/olakunle/Folders/Work/MrJide/spring-admin-client-one)
2022-10-14 15:11:14.895  INFO 89838 --- [restartedMain] c.o.s.SpringAdminClientOneApplication    : No active profile set, falling back to 1 default profile: "default"
2022-10-14 15:11:14.971  INFO 89838 --- [restartedMain] .e.DevToolsPropertyDefaultsPostProcessor : Devtools property defaults active! Set 'spring.devtools.add-properties' to 'false' to disable
2022-10-14 15:11:14.973  INFO 89838 --- [restartedMain] .e.DevToolsPropertyDefaultsPostProcessor : For additional web related logging consider setting the 'logging.level.web' property to 'DEBUG'
2022-10-14 15:11:16.206  INFO 89838 --- [restartedMain] .s.d.r.c.RepositoryConfigurationDelegate : Bootstrapping Spring Data JPA repositories in DEFAULT mode.
2022-10-14 15:11:16.220  INFO 89838 --- [restartedMain] .s.d.r.c.RepositoryConfigurationDelegate : Finished Spring Data repository scanning in 5 ms. Found 0 JPA repository interfaces.
2022-10-14 15:11:16.793  INFO 89838 --- [restartedMain] o.s.b.w.embedded.tomcat.TomcatWebServer  : Tomcat initialized with port(s): 6061 (http)
2022-10-14 15:11:16.803  INFO 89838 --- [restartedMain] o.apache.catalina.core.StandardService   : Starting service [Tomcat]
2022-10-14 15:11:16.804  INFO 89838 --- [restartedMain] org.apache.catalina.core.StandardEngine  : Starting Servlet engine: [Apache Tomcat/9.0.65]
2022-10-14 15:11:16.883  INFO 89838 --- [restartedMain] o.a.c.c.C.[Tomcat].[localhost].[/]       : Initializing Spring embedded WebApplicationContext
2022-10-14 15:11:16.883  INFO 89838 --- [restartedMain] w.s.c.ServletWebServerApplicationContext : Root WebApplicationContext: initialization completed in 1907 ms
2022-10-14 15:11:17.163  INFO 89838 --- [restartedMain] o.hibernate.jpa.internal.util.LogHelper  : HHH000204: Processing PersistenceUnitInfo [name: default]
2022-10-14 15:11:17.200  INFO 89838 --- [restartedMain] org.hibernate.Version                    : HHH000412: Hibernate ORM core version 5.6.11.Final
2022-10-14 15:11:17.323  INFO 89838 --- [restartedMain] o.hibernate.annotations.common.Version   : HCANN000001: Hibernate Commons Annotations {5.1.2.Final}
2022-10-14 15:11:17.406  INFO 89838 --- [restartedMain] com.zaxxer.hikari.HikariDataSource       : HikariPool-1 - Starting...
2022-10-14 15:11:17.715  INFO 89838 --- [restartedMain] com.zaxxer.hikari.HikariDataSource       : HikariPool-1 - Start completed.
2022-10-14 15:11:17.742  INFO 89838 --- [restartedMain] org.hibernate.dialect.Dialect            : HHH000400: Using dialect: org.hibernate.dialect.MySQL8Dialect
2022-10-14 15:11:17.913  INFO 89838 --- [restartedMain] o.h.e.t.j.p.i.JtaPlatformInitiator       : HHH000490: Using JtaPlatform implementation: [org.hibernate.engine.transaction.jta.platform.internal.NoJtaPlatform]
2022-10-14 15:11:17.923  INFO 89838 --- [restartedMain] j.LocalContainerEntityManagerFactoryBean : Initialized JPA EntityManagerFactory for persistence unit 'default'
2022-10-14 15:11:18.003  WARN 89838 --- [restartedMain] JpaBaseConfiguration$JpaWebConfiguration : spring.jpa.open-in-view is enabled by default. Therefore, database queries may be performed during view rendering. Explicitly configure spring.jpa.open-in-view to disable this warning
2022-10-14 15:11:18.286  WARN 89838 --- [restartedMain] ion$DefaultTemplateResolverConfiguration : Cannot find template location: classpath:/templates/ (please add some templates, check your Thymeleaf configuration, or set spring.thymeleaf.check-template-location=false)
2022-10-14 15:11:18.606  INFO 89838 --- [restartedMain] o.s.b.d.a.OptionalLiveReloadServer       : LiveReload server is running on port 35729
2022-10-14 15:11:18.618  INFO 89838 --- [restartedMain] o.s.b.a.e.web.EndpointLinksResolver      : Exposing 14 endpoint(s) beneath base path '/actuator'
2022-10-14 15:11:18.674  INFO 89838 --- [restartedMain] o.s.b.w.embedded.tomcat.TomcatWebServer  : Tomcat started on port(s): 6061 (http) with context path ''
2022-10-14 15:11:18.698  INFO 89838 --- [restartedMain] c.o.s.SpringAdminClientOneApplication    : Started SpringAdminClientOneApplication in 4.418 seconds (JVM running for 5.516)
2022-10-14 15:11:18.778  WARN 89838 --- [registrationTask1] d.c.b.a.c.r.ApplicationRegistrator       : Failed to register application as Application(name=Client One, managementUrl=http://olakunle:6061/actuator, healthUrl=http://olakunle:6061/actuator/health, serviceUrl=http://olakunle:6061/) at spring-boot-admin ([http://localhost:6060/instances]): I/O error on POST request for "http://localhost:6060/instances": Connection refused; nested exception is java.net.ConnectException: Connection refused. Further attempts are logged on DEBUG level
2022-10-14 15:11:19.340  INFO 89838 --- [RMI TCP Connection(3)-127.0.0.1] o.a.c.c.C.[Tomcat].[localhost].[/]       : Initializing Spring DispatcherServlet 'dispatcherServlet'
2022-10-14 15:11:19.341  INFO 89838 --- [RMI TCP Connection(3)-127.0.0.1] o.s.web.servlet.DispatcherServlet        : Initializing Servlet 'dispatcherServlet'
2022-10-14 15:11:19.357  INFO 89838 --- [RMI TCP Connection(3)-127.0.0.1] o.s.web.servlet.DispatcherServlet        : Completed initialization in 4 ms
